<?xml version="1.0" encoding="UTF-8"?>
<testsuite xmlns:xsi="http://www.w3.org/2001/XMLSchema-instance" xsi:noNamespaceSchemaLocation="https://maven.apache.org/surefire/maven-surefire-plugin/xsd/surefire-test-report.xsd" name="TestSuite" time="19.731" tests="9" errors="0" skipped="8" failures="1">
  <properties>
    <property name="sun.desktop" value="windows"/>
    <property name="awt.toolkit" value="sun.awt.windows.WToolkit"/>
    <property name="file.encoding.pkg" value="sun.io"/>
    <property name="java.specification.version" value="1.8"/>
    <property name="sun.cpu.isalist" value="pentium_pro+mmx pentium_pro pentium+mmx pentium i486 i386 i86"/>
    <property name="sun.jnu.encoding" value="Cp1252"/>
    <property name="java.class.path" value="C:\Users\yefrn\eclipse-workspace\TestNGcrmpro\target\test-classes;C:\Users\yefrn\eclipse-workspace\TestNGcrmpro\target\classes;C:\Users\yefrn\.m2\repository\org\apache\logging\log4j\log4j-api\2.4\log4j-api-2.4.jar;C:\Users\yefrn\.m2\repository\org\apache\logging\log4j\log4j-core\2.4\log4j-core-2.4.jar;C:\Users\yefrn\.m2\repository\commons-io\commons-io\2.6\commons-io-2.6.jar;C:\Users\yefrn\.m2\repository\com\googlecode\json-simple\json-simple\1.1.1\json-simple-1.1.1.jar;C:\Users\yefrn\.m2\repository\junit\junit\4.10\junit-4.10.jar;C:\Users\yefrn\.m2\repository\org\seleniumhq\selenium\selenium-java\3.13.0\selenium-java-3.13.0.jar;C:\Users\yefrn\.m2\repository\org\seleniumhq\selenium\selenium-api\3.13.0\selenium-api-3.13.0.jar;C:\Users\yefrn\.m2\repository\org\seleniumhq\selenium\selenium-chrome-driver\3.13.0\selenium-chrome-driver-3.13.0.jar;C:\Users\yefrn\.m2\repository\org\seleniumhq\selenium\selenium-edge-driver\3.13.0\selenium-edge-driver-3.13.0.jar;C:\Users\yefrn\.m2\repository\org\seleniumhq\selenium\selenium-firefox-driver\3.13.0\selenium-firefox-driver-3.13.0.jar;C:\Users\yefrn\.m2\repository\org\seleniumhq\selenium\selenium-ie-driver\3.13.0\selenium-ie-driver-3.13.0.jar;C:\Users\yefrn\.m2\repository\org\seleniumhq\selenium\selenium-opera-driver\3.13.0\selenium-opera-driver-3.13.0.jar;C:\Users\yefrn\.m2\repository\org\seleniumhq\selenium\selenium-remote-driver\3.13.0\selenium-remote-driver-3.13.0.jar;C:\Users\yefrn\.m2\repository\org\seleniumhq\selenium\selenium-safari-driver\3.13.0\selenium-safari-driver-3.13.0.jar;C:\Users\yefrn\.m2\repository\org\seleniumhq\selenium\selenium-support\3.13.0\selenium-support-3.13.0.jar;C:\Users\yefrn\.m2\repository\net\bytebuddy\byte-buddy\1.8.3\byte-buddy-1.8.3.jar;C:\Users\yefrn\.m2\repository\org\apache\commons\commons-exec\1.3\commons-exec-1.3.jar;C:\Users\yefrn\.m2\repository\commons-codec\commons-codec\1.10\commons-codec-1.10.jar;C:\Users\yefrn\.m2\repository\commons-logging\commons-logging\1.2\commons-logging-1.2.jar;C:\Users\yefrn\.m2\repository\com\google\code\gson\gson\2.8.4\gson-2.8.4.jar;C:\Users\yefrn\.m2\repository\com\google\guava\guava\25.0-jre\guava-25.0-jre.jar;C:\Users\yefrn\.m2\repository\com\google\code\findbugs\jsr305\1.3.9\jsr305-1.3.9.jar;C:\Users\yefrn\.m2\repository\org\checkerframework\checker-compat-qual\2.0.0\checker-compat-qual-2.0.0.jar;C:\Users\yefrn\.m2\repository\com\google\errorprone\error_prone_annotations\2.1.3\error_prone_annotations-2.1.3.jar;C:\Users\yefrn\.m2\repository\com\google\j2objc\j2objc-annotations\1.1\j2objc-annotations-1.1.jar;C:\Users\yefrn\.m2\repository\org\codehaus\mojo\animal-sniffer-annotations\1.14\animal-sniffer-annotations-1.14.jar;C:\Users\yefrn\.m2\repository\org\apache\httpcomponents\httpclient\4.5.5\httpclient-4.5.5.jar;C:\Users\yefrn\.m2\repository\org\apache\httpcomponents\httpcore\4.4.9\httpcore-4.4.9.jar;C:\Users\yefrn\.m2\repository\com\squareup\okhttp3\okhttp\3.10.0\okhttp-3.10.0.jar;C:\Users\yefrn\.m2\repository\com\squareup\okio\okio\1.14.1\okio-1.14.1.jar;C:\Users\yefrn\.m2\repository\org\apache\poi\poi\3.9\poi-3.9.jar;C:\Users\yefrn\.m2\repository\org\testng\testng\6.8.8\testng-6.8.8.jar;C:\Users\yefrn\.m2\repository\org\beanshell\bsh\2.0b4\bsh-2.0b4.jar;C:\Users\yefrn\.m2\repository\com\beust\jcommander\1.27\jcommander-1.27.jar;C:\Users\yefrn\.m2\repository\com\aventstack\extentreports\3.1.5\extentreports-3.1.5.jar;C:\Users\yefrn\.m2\repository\org\freemarker\freemarker\2.3.23\freemarker-2.3.23.jar;C:\Users\yefrn\.m2\repository\org\mongodb\mongodb-driver\3.3.0\mongodb-driver-3.3.0.jar;C:\Users\yefrn\.m2\repository\org\mongodb\bson\3.3.0\bson-3.3.0.jar;C:\Users\yefrn\.m2\repository\org\mongodb\mongodb-driver-core\3.3.0\mongodb-driver-core-3.3.0.jar;C:\Users\yefrn\.m2\repository\org\apache\httpcomponents\httpmime\4.5.2\httpmime-4.5.2.jar;C:\Users\yefrn\.m2\repository\org\jsoup\jsoup\1.9.2\jsoup-1.9.2.jar;C:\Users\yefrn\.m2\repository\com\relevantcodes\extentreports\2.41.2\extentreports-2.41.2.jar;C:\Users\yefrn\.m2\repository\org\xerial\sqlite-jdbc\3.8.11.1\sqlite-jdbc-3.8.11.1.jar;C:\Users\yefrn\.m2\repository\io\appium\java-client\6.1.0\java-client-6.1.0.jar;C:\Users\yefrn\.m2\repository\cglib\cglib\3.2.6\cglib-3.2.6.jar;C:\Users\yefrn\.m2\repository\org\ow2\asm\asm\6.0\asm-6.0.jar;C:\Users\yefrn\.m2\repository\org\apache\ant\ant\1.9.6\ant-1.9.6.jar;C:\Users\yefrn\.m2\repository\org\apache\ant\ant-launcher\1.9.6\ant-launcher-1.9.6.jar;C:\Users\yefrn\.m2\repository\commons-validator\commons-validator\1.6\commons-validator-1.6.jar;C:\Users\yefrn\.m2\repository\commons-beanutils\commons-beanutils\1.9.2\commons-beanutils-1.9.2.jar;C:\Users\yefrn\.m2\repository\commons-digester\commons-digester\1.8.1\commons-digester-1.8.1.jar;C:\Users\yefrn\.m2\repository\org\apache\commons\commons-lang3\3.7\commons-lang3-3.7.jar;C:\Users\yefrn\.m2\repository\org\springframework\spring-context\5.0.5.RELEASE\spring-context-5.0.5.RELEASE.jar;C:\Users\yefrn\.m2\repository\org\aspectj\aspectjweaver\1.9.1\aspectjweaver-1.9.1.jar;C:\Users\yefrn\.m2\repository\org\openpnp\opencv\3.2.0-1\opencv-3.2.0-1.jar;C:\Users\yefrn\.m2\repository\org\apache\poi\poi-ooxml\3.8-beta4\poi-ooxml-3.8-beta4.jar;C:\Users\yefrn\.m2\repository\org\apache\poi\poi-ooxml-schemas\3.8-beta4\poi-ooxml-schemas-3.8-beta4.jar;C:\Users\yefrn\.m2\repository\dom4j\dom4j\1.6.1\dom4j-1.6.1.jar;C:\Users\yefrn\.m2\repository\xml-apis\xml-apis\1.0.b2\xml-apis-1.0.b2.jar;C:\Users\yefrn\.m2\repository\org\apache\cxf\cxf-bundle\2.7.8\cxf-bundle-2.7.8.jar;C:\Users\yefrn\.m2\repository\org\apache\velocity\velocity\1.7\velocity-1.7.jar;C:\Users\yefrn\.m2\repository\commons-collections\commons-collections\3.2.1\commons-collections-3.2.1.jar;C:\Users\yefrn\.m2\repository\wsdl4j\wsdl4j\1.6.3\wsdl4j-1.6.3.jar;C:\Users\yefrn\.m2\repository\com\sun\xml\bind\jaxb-xjc\2.1.13\jaxb-xjc-2.1.13.jar;C:\Users\yefrn\.m2\repository\com\sun\xml\bind\jaxb-impl\2.1.13\jaxb-impl-2.1.13.jar;C:\Users\yefrn\.m2\repository\org\apache\ws\xmlschema\xmlschema-core\2.0.3\xmlschema-core-2.0.3.jar;C:\Users\yefrn\.m2\repository\antlr\antlr\2.7.7\antlr-2.7.7.jar;C:\Users\yefrn\.m2\repository\org\apache\xmlbeans\xmlbeans\2.6.0\xmlbeans-2.6.0.jar;C:\Users\yefrn\.m2\repository\xml-resolver\xml-resolver\1.2\xml-resolver-1.2.jar;C:\Users\yefrn\.m2\repository\org\apache\geronimo\specs\geronimo-jaxws_2.2_spec\1.1\geronimo-jaxws_2.2_spec-1.1.jar;C:\Users\yefrn\.m2\repository\org\codehaus\woodstox\woodstox-core-asl\4.2.0\woodstox-core-asl-4.2.0.jar;C:\Users\yefrn\.m2\repository\org\codehaus\woodstox\stax2-api\3.1.1\stax2-api-3.1.1.jar;C:\Users\yefrn\.m2\repository\org\apache\geronimo\specs\geronimo-javamail_1.4_spec\1.7.1\geronimo-javamail_1.4_spec-1.7.1.jar;C:\Users\yefrn\.m2\repository\org\eclipse\jetty\jetty-server\8.1.14.v20131031\jetty-server-8.1.14.v20131031.jar;C:\Users\yefrn\.m2\repository\org\eclipse\jetty\jetty-continuation\8.1.14.v20131031\jetty-continuation-8.1.14.v20131031.jar;C:\Users\yefrn\.m2\repository\org\eclipse\jetty\jetty-http\8.1.14.v20131031\jetty-http-8.1.14.v20131031.jar;C:\Users\yefrn\.m2\repository\org\eclipse\jetty\jetty-io\8.1.14.v20131031\jetty-io-8.1.14.v20131031.jar;C:\Users\yefrn\.m2\repository\org\eclipse\jetty\jetty-util\8.1.14.v20131031\jetty-util-8.1.14.v20131031.jar;C:\Users\yefrn\.m2\repository\org\eclipse\jetty\jetty-security\8.1.14.v20131031\jetty-security-8.1.14.v20131031.jar;C:\Users\yefrn\.m2\repository\org\slf4j\slf4j-api\1.7.5\slf4j-api-1.7.5.jar;C:\Users\yefrn\.m2\repository\org\apache\geronimo\specs\geronimo-servlet_3.0_spec\1.0\geronimo-servlet_3.0_spec-1.0.jar;C:\Users\yefrn\.m2\repository\org\apache\geronimo\specs\geronimo-jms_1.1_spec\1.1.1\geronimo-jms_1.1_spec-1.1.1.jar;C:\Users\yefrn\.m2\repository\org\springframework\spring-jms\3.0.7.RELEASE\spring-jms-3.0.7.RELEASE.jar;C:\Users\yefrn\.m2\repository\aopalliance\aopalliance\1.0\aopalliance-1.0.jar;C:\Users\yefrn\.m2\repository\org\springframework\spring-aop\3.0.7.RELEASE\spring-aop-3.0.7.RELEASE.jar;C:\Users\yefrn\.m2\repository\org\springframework\spring-beans\3.0.7.RELEASE\spring-beans-3.0.7.RELEASE.jar;C:\Users\yefrn\.m2\repository\org\springframework\spring-core\3.0.7.RELEASE\spring-core-3.0.7.RELEASE.jar;C:\Users\yefrn\.m2\repository\org\springframework\spring-expression\3.0.7.RELEASE\spring-expression-3.0.7.RELEASE.jar;C:\Users\yefrn\.m2\repository\org\springframework\spring-asm\3.0.7.RELEASE\spring-asm-3.0.7.RELEASE.jar;C:\Users\yefrn\.m2\repository\org\springframework\spring-tx\3.0.7.RELEASE\spring-tx-3.0.7.RELEASE.jar;C:\Users\yefrn\.m2\repository\commons-lang\commons-lang\2.6\commons-lang-2.6.jar;C:\Users\yefrn\.m2\repository\org\apache\httpcomponents\httpcore-nio\4.2.4\httpcore-nio-4.2.4.jar;C:\Users\yefrn\.m2\repository\org\apache\httpcomponents\httpasyncclient\4.0-beta3\httpasyncclient-4.0-beta3.jar;C:\Users\yefrn\.m2\repository\org\apache\mina\mina-core\2.0.7\mina-core-2.0.7.jar;C:\Users\yefrn\.m2\repository\asm\asm\3.3.1\asm-3.3.1.jar;C:\Users\yefrn\.m2\repository\rhino\js\1.7R2\js-1.7R2.jar;C:\Users\yefrn\.m2\repository\javax\ws\rs\javax.ws.rs-api\2.0-m10\javax.ws.rs-api-2.0-m10.jar;C:\Users\yefrn\.m2\repository\net\oauth\core\oauth-provider\20100527\oauth-provider-20100527.jar;C:\Users\yefrn\.m2\repository\net\oauth\core\oauth\20100527\oauth-20100527.jar;C:\Users\yefrn\.m2\repository\net\sf\ehcache\ehcache-core\2.5.1\ehcache-core-2.5.1.jar;C:\Users\yefrn\.m2\repository\org\apache\ws\security\wss4j\1.6.13\wss4j-1.6.13.jar;C:\Users\yefrn\.m2\repository\org\apache\santuario\xmlsec\1.5.6\xmlsec-1.5.6.jar;C:\Users\yefrn\.m2\repository\org\opensaml\opensaml\2.5.1-1\opensaml-2.5.1-1.jar;C:\Users\yefrn\.m2\repository\org\opensaml\openws\1.4.2-1\openws-1.4.2-1.jar;C:\Users\yefrn\.m2\repository\org\opensaml\xmltooling\1.3.2-1\xmltooling-1.3.2-1.jar;C:\Users\yefrn\.m2\repository\joda-time\joda-time\1.6.2\joda-time-1.6.2.jar;C:\Users\yefrn\.m2\repository\org\apache\neethi\neethi\3.0.2\neethi-3.0.2.jar;C:\Users\yefrn\.m2\repository\io\rest-assured\rest-assured\3.0.0\rest-assured-3.0.0.jar;C:\Users\yefrn\.m2\repository\org\codehaus\groovy\groovy\2.4.6\groovy-2.4.6.jar;C:\Users\yefrn\.m2\repository\org\codehaus\groovy\groovy-xml\2.4.6\groovy-xml-2.4.6.jar;C:\Users\yefrn\.m2\repository\org\hamcrest\hamcrest-core\1.3\hamcrest-core-1.3.jar;C:\Users\yefrn\.m2\repository\org\hamcrest\hamcrest-library\1.3\hamcrest-library-1.3.jar;C:\Users\yefrn\.m2\repository\org\ccil\cowan\tagsoup\tagsoup\1.2.1\tagsoup-1.2.1.jar;C:\Users\yefrn\.m2\repository\io\rest-assured\json-path\3.1.1\json-path-3.1.1.jar;C:\Users\yefrn\.m2\repository\org\codehaus\groovy\groovy-json\2.4.12\groovy-json-2.4.12.jar;C:\Users\yefrn\.m2\repository\io\rest-assured\rest-assured-common\3.1.1\rest-assured-common-3.1.1.jar;C:\Users\yefrn\.m2\repository\io\rest-assured\xml-path\3.1.1\xml-path-3.1.1.jar;C:\Users\yefrn\.m2\repository\javax\xml\bind\jaxb-api\2.2.12\jaxb-api-2.2.12.jar;C:\Users\yefrn\.m2\repository\io\rest-assured\json-schema-validator\3.1.1\json-schema-validator-3.1.1.jar;C:\Users\yefrn\.m2\repository\com\github\fge\json-schema-validator\2.2.6\json-schema-validator-2.2.6.jar;C:\Users\yefrn\.m2\repository\com\googlecode\libphonenumber\libphonenumber\6.2\libphonenumber-6.2.jar;C:\Users\yefrn\.m2\repository\com\github\fge\json-schema-core\1.2.5\json-schema-core-1.2.5.jar;C:\Users\yefrn\.m2\repository\com\github\fge\uri-template\0.9\uri-template-0.9.jar;C:\Users\yefrn\.m2\repository\com\github\fge\msg-simple\1.1\msg-simple-1.1.jar;C:\Users\yefrn\.m2\repository\com\github\fge\btf\1.2\btf-1.2.jar;C:\Users\yefrn\.m2\repository\com\github\fge\jackson-coreutils\1.8\jackson-coreutils-1.8.jar;C:\Users\yefrn\.m2\repository\com\fasterxml\jackson\core\jackson-databind\2.2.3\jackson-databind-2.2.3.jar;C:\Users\yefrn\.m2\repository\com\fasterxml\jackson\core\jackson-annotations\2.2.3\jackson-annotations-2.2.3.jar;C:\Users\yefrn\.m2\repository\com\fasterxml\jackson\core\jackson-core\2.2.3\jackson-core-2.2.3.jar;C:\Users\yefrn\.m2\repository\org\mozilla\rhino\1.7R4\rhino-1.7R4.jar;C:\Users\yefrn\.m2\repository\javax\mail\mailapi\1.4.3\mailapi-1.4.3.jar;C:\Users\yefrn\.m2\repository\javax\activation\activation\1.1\activation-1.1.jar;C:\Users\yefrn\.m2\repository\net\sf\jopt-simple\jopt-simple\4.6\jopt-simple-4.6.jar;C:\Users\yefrn\.m2\repository\io\rest-assured\spring-mock-mvc\3.1.1\spring-mock-mvc-3.1.1.jar;C:\Users\yefrn\.m2\repository\org\springframework\spring-test\4.2.6.RELEASE\spring-test-4.2.6.RELEASE.jar;C:\Users\yefrn\.m2\repository\org\springframework\spring-webmvc\4.2.6.RELEASE\spring-webmvc-4.2.6.RELEASE.jar;C:\Users\yefrn\.m2\repository\org\springframework\spring-web\4.2.6.RELEASE\spring-web-4.2.6.RELEASE.jar;C:\Users\yefrn\.m2\repository\io\rest-assured\scala-support\3.1.1\scala-support-3.1.1.jar;C:\Users\yefrn\.m2\repository\org\scala-lang\scala-library\2.11.12\scala-library-2.11.12.jar;C:\Users\yefrn\.m2\repository\org\apache\maven\surefire\surefire-testng-utils\2.22.0\surefire-testng-utils-2.22.0.jar;C:\Users\yefrn\.m2\repository\org\apache\maven\surefire\surefire-grouper\2.22.0\surefire-grouper-2.22.0.jar;"/>
    <property name="java.vm.vendor" value="Oracle Corporation"/>
    <property name="sun.arch.data.model" value="32"/>
    <property name="user.variant" value=""/>
    <property name="java.vendor.url" value="http://java.oracle.com/"/>
    <property name="user.timezone" value="Africa/Luanda"/>
    <property name="java.vm.specification.version" value="1.8"/>
    <property name="os.name" value="Windows 10"/>
    <property name="user.country" value="FR"/>
    <property name="sun.java.launcher" value="SUN_STANDARD"/>
    <property name="sun.boot.library.path" value="C:\Program Files (x86)\Java\jdk1.8.0_231\jre\bin"/>
    <property name="sun.java.command" value="C:\Users\yefrn\AppData\Local\Temp\surefire7037054722214498323\surefirebooter4705008898018298535.jar C:\Users\yefrn\AppData\Local\Temp\surefire7037054722214498323 2020-06-14T00-58-36_675-jvmRun1 surefire6610484133120626499tmp surefire_0969582634975266244tmp"/>
    <property name="surefire.test.class.path" value="C:\Users\yefrn\eclipse-workspace\TestNGcrmpro\target\test-classes;C:\Users\yefrn\eclipse-workspace\TestNGcrmpro\target\classes;C:\Users\yefrn\.m2\repository\org\apache\logging\log4j\log4j-api\2.4\log4j-api-2.4.jar;C:\Users\yefrn\.m2\repository\org\apache\logging\log4j\log4j-core\2.4\log4j-core-2.4.jar;C:\Users\yefrn\.m2\repository\commons-io\commons-io\2.6\commons-io-2.6.jar;C:\Users\yefrn\.m2\repository\com\googlecode\json-simple\json-simple\1.1.1\json-simple-1.1.1.jar;C:\Users\yefrn\.m2\repository\junit\junit\4.10\junit-4.10.jar;C:\Users\yefrn\.m2\repository\org\seleniumhq\selenium\selenium-java\3.13.0\selenium-java-3.13.0.jar;C:\Users\yefrn\.m2\repository\org\seleniumhq\selenium\selenium-api\3.13.0\selenium-api-3.13.0.jar;C:\Users\yefrn\.m2\repository\org\seleniumhq\selenium\selenium-chrome-driver\3.13.0\selenium-chrome-driver-3.13.0.jar;C:\Users\yefrn\.m2\repository\org\seleniumhq\selenium\selenium-edge-driver\3.13.0\selenium-edge-driver-3.13.0.jar;C:\Users\yefrn\.m2\repository\org\seleniumhq\selenium\selenium-firefox-driver\3.13.0\selenium-firefox-driver-3.13.0.jar;C:\Users\yefrn\.m2\repository\org\seleniumhq\selenium\selenium-ie-driver\3.13.0\selenium-ie-driver-3.13.0.jar;C:\Users\yefrn\.m2\repository\org\seleniumhq\selenium\selenium-opera-driver\3.13.0\selenium-opera-driver-3.13.0.jar;C:\Users\yefrn\.m2\repository\org\seleniumhq\selenium\selenium-remote-driver\3.13.0\selenium-remote-driver-3.13.0.jar;C:\Users\yefrn\.m2\repository\org\seleniumhq\selenium\selenium-safari-driver\3.13.0\selenium-safari-driver-3.13.0.jar;C:\Users\yefrn\.m2\repository\org\seleniumhq\selenium\selenium-support\3.13.0\selenium-support-3.13.0.jar;C:\Users\yefrn\.m2\repository\net\bytebuddy\byte-buddy\1.8.3\byte-buddy-1.8.3.jar;C:\Users\yefrn\.m2\repository\org\apache\commons\commons-exec\1.3\commons-exec-1.3.jar;C:\Users\yefrn\.m2\repository\commons-codec\commons-codec\1.10\commons-codec-1.10.jar;C:\Users\yefrn\.m2\repository\commons-logging\commons-logging\1.2\commons-logging-1.2.jar;C:\Users\yefrn\.m2\repository\com\google\code\gson\gson\2.8.4\gson-2.8.4.jar;C:\Users\yefrn\.m2\repository\com\google\guava\guava\25.0-jre\guava-25.0-jre.jar;C:\Users\yefrn\.m2\repository\com\google\code\findbugs\jsr305\1.3.9\jsr305-1.3.9.jar;C:\Users\yefrn\.m2\repository\org\checkerframework\checker-compat-qual\2.0.0\checker-compat-qual-2.0.0.jar;C:\Users\yefrn\.m2\repository\com\google\errorprone\error_prone_annotations\2.1.3\error_prone_annotations-2.1.3.jar;C:\Users\yefrn\.m2\repository\com\google\j2objc\j2objc-annotations\1.1\j2objc-annotations-1.1.jar;C:\Users\yefrn\.m2\repository\org\codehaus\mojo\animal-sniffer-annotations\1.14\animal-sniffer-annotations-1.14.jar;C:\Users\yefrn\.m2\repository\org\apache\httpcomponents\httpclient\4.5.5\httpclient-4.5.5.jar;C:\Users\yefrn\.m2\repository\org\apache\httpcomponents\httpcore\4.4.9\httpcore-4.4.9.jar;C:\Users\yefrn\.m2\repository\com\squareup\okhttp3\okhttp\3.10.0\okhttp-3.10.0.jar;C:\Users\yefrn\.m2\repository\com\squareup\okio\okio\1.14.1\okio-1.14.1.jar;C:\Users\yefrn\.m2\repository\org\apache\poi\poi\3.9\poi-3.9.jar;C:\Users\yefrn\.m2\repository\org\testng\testng\6.8.8\testng-6.8.8.jar;C:\Users\yefrn\.m2\repository\org\beanshell\bsh\2.0b4\bsh-2.0b4.jar;C:\Users\yefrn\.m2\repository\com\beust\jcommander\1.27\jcommander-1.27.jar;C:\Users\yefrn\.m2\repository\com\aventstack\extentreports\3.1.5\extentreports-3.1.5.jar;C:\Users\yefrn\.m2\repository\org\freemarker\freemarker\2.3.23\freemarker-2.3.23.jar;C:\Users\yefrn\.m2\repository\org\mongodb\mongodb-driver\3.3.0\mongodb-driver-3.3.0.jar;C:\Users\yefrn\.m2\repository\org\mongodb\bson\3.3.0\bson-3.3.0.jar;C:\Users\yefrn\.m2\repository\org\mongodb\mongodb-driver-core\3.3.0\mongodb-driver-core-3.3.0.jar;C:\Users\yefrn\.m2\repository\org\apache\httpcomponents\httpmime\4.5.2\httpmime-4.5.2.jar;C:\Users\yefrn\.m2\repository\org\jsoup\jsoup\1.9.2\jsoup-1.9.2.jar;C:\Users\yefrn\.m2\repository\com\relevantcodes\extentreports\2.41.2\extentreports-2.41.2.jar;C:\Users\yefrn\.m2\repository\org\xerial\sqlite-jdbc\3.8.11.1\sqlite-jdbc-3.8.11.1.jar;C:\Users\yefrn\.m2\repository\io\appium\java-client\6.1.0\java-client-6.1.0.jar;C:\Users\yefrn\.m2\repository\cglib\cglib\3.2.6\cglib-3.2.6.jar;C:\Users\yefrn\.m2\repository\org\ow2\asm\asm\6.0\asm-6.0.jar;C:\Users\yefrn\.m2\repository\org\apache\ant\ant\1.9.6\ant-1.9.6.jar;C:\Users\yefrn\.m2\repository\org\apache\ant\ant-launcher\1.9.6\ant-launcher-1.9.6.jar;C:\Users\yefrn\.m2\repository\commons-validator\commons-validator\1.6\commons-validator-1.6.jar;C:\Users\yefrn\.m2\repository\commons-beanutils\commons-beanutils\1.9.2\commons-beanutils-1.9.2.jar;C:\Users\yefrn\.m2\repository\commons-digester\commons-digester\1.8.1\commons-digester-1.8.1.jar;C:\Users\yefrn\.m2\repository\org\apache\commons\commons-lang3\3.7\commons-lang3-3.7.jar;C:\Users\yefrn\.m2\repository\org\springframework\spring-context\5.0.5.RELEASE\spring-context-5.0.5.RELEASE.jar;C:\Users\yefrn\.m2\repository\org\aspectj\aspectjweaver\1.9.1\aspectjweaver-1.9.1.jar;C:\Users\yefrn\.m2\repository\org\openpnp\opencv\3.2.0-1\opencv-3.2.0-1.jar;C:\Users\yefrn\.m2\repository\org\apache\poi\poi-ooxml\3.8-beta4\poi-ooxml-3.8-beta4.jar;C:\Users\yefrn\.m2\repository\org\apache\poi\poi-ooxml-schemas\3.8-beta4\poi-ooxml-schemas-3.8-beta4.jar;C:\Users\yefrn\.m2\repository\dom4j\dom4j\1.6.1\dom4j-1.6.1.jar;C:\Users\yefrn\.m2\repository\xml-apis\xml-apis\1.0.b2\xml-apis-1.0.b2.jar;C:\Users\yefrn\.m2\repository\org\apache\cxf\cxf-bundle\2.7.8\cxf-bundle-2.7.8.jar;C:\Users\yefrn\.m2\repository\org\apache\velocity\velocity\1.7\velocity-1.7.jar;C:\Users\yefrn\.m2\repository\commons-collections\commons-collections\3.2.1\commons-collections-3.2.1.jar;C:\Users\yefrn\.m2\repository\wsdl4j\wsdl4j\1.6.3\wsdl4j-1.6.3.jar;C:\Users\yefrn\.m2\repository\com\sun\xml\bind\jaxb-xjc\2.1.13\jaxb-xjc-2.1.13.jar;C:\Users\yefrn\.m2\repository\com\sun\xml\bind\jaxb-impl\2.1.13\jaxb-impl-2.1.13.jar;C:\Users\yefrn\.m2\repository\org\apache\ws\xmlschema\xmlschema-core\2.0.3\xmlschema-core-2.0.3.jar;C:\Users\yefrn\.m2\repository\antlr\antlr\2.7.7\antlr-2.7.7.jar;C:\Users\yefrn\.m2\repository\org\apache\xmlbeans\xmlbeans\2.6.0\xmlbeans-2.6.0.jar;C:\Users\yefrn\.m2\repository\xml-resolver\xml-resolver\1.2\xml-resolver-1.2.jar;C:\Users\yefrn\.m2\repository\org\apache\geronimo\specs\geronimo-jaxws_2.2_spec\1.1\geronimo-jaxws_2.2_spec-1.1.jar;C:\Users\yefrn\.m2\repository\org\codehaus\woodstox\woodstox-core-asl\4.2.0\woodstox-core-asl-4.2.0.jar;C:\Users\yefrn\.m2\repository\org\codehaus\woodstox\stax2-api\3.1.1\stax2-api-3.1.1.jar;C:\Users\yefrn\.m2\repository\org\apache\geronimo\specs\geronimo-javamail_1.4_spec\1.7.1\geronimo-javamail_1.4_spec-1.7.1.jar;C:\Users\yefrn\.m2\repository\org\eclipse\jetty\jetty-server\8.1.14.v20131031\jetty-server-8.1.14.v20131031.jar;C:\Users\yefrn\.m2\repository\org\eclipse\jetty\jetty-continuation\8.1.14.v20131031\jetty-continuation-8.1.14.v20131031.jar;C:\Users\yefrn\.m2\repository\org\eclipse\jetty\jetty-http\8.1.14.v20131031\jetty-http-8.1.14.v20131031.jar;C:\Users\yefrn\.m2\repository\org\eclipse\jetty\jetty-io\8.1.14.v20131031\jetty-io-8.1.14.v20131031.jar;C:\Users\yefrn\.m2\repository\org\eclipse\jetty\jetty-util\8.1.14.v20131031\jetty-util-8.1.14.v20131031.jar;C:\Users\yefrn\.m2\repository\org\eclipse\jetty\jetty-security\8.1.14.v20131031\jetty-security-8.1.14.v20131031.jar;C:\Users\yefrn\.m2\repository\org\slf4j\slf4j-api\1.7.5\slf4j-api-1.7.5.jar;C:\Users\yefrn\.m2\repository\org\apache\geronimo\specs\geronimo-servlet_3.0_spec\1.0\geronimo-servlet_3.0_spec-1.0.jar;C:\Users\yefrn\.m2\repository\org\apache\geronimo\specs\geronimo-jms_1.1_spec\1.1.1\geronimo-jms_1.1_spec-1.1.1.jar;C:\Users\yefrn\.m2\repository\org\springframework\spring-jms\3.0.7.RELEASE\spring-jms-3.0.7.RELEASE.jar;C:\Users\yefrn\.m2\repository\aopalliance\aopalliance\1.0\aopalliance-1.0.jar;C:\Users\yefrn\.m2\repository\org\springframework\spring-aop\3.0.7.RELEASE\spring-aop-3.0.7.RELEASE.jar;C:\Users\yefrn\.m2\repository\org\springframework\spring-beans\3.0.7.RELEASE\spring-beans-3.0.7.RELEASE.jar;C:\Users\yefrn\.m2\repository\org\springframework\spring-core\3.0.7.RELEASE\spring-core-3.0.7.RELEASE.jar;C:\Users\yefrn\.m2\repository\org\springframework\spring-expression\3.0.7.RELEASE\spring-expression-3.0.7.RELEASE.jar;C:\Users\yefrn\.m2\repository\org\springframework\spring-asm\3.0.7.RELEASE\spring-asm-3.0.7.RELEASE.jar;C:\Users\yefrn\.m2\repository\org\springframework\spring-tx\3.0.7.RELEASE\spring-tx-3.0.7.RELEASE.jar;C:\Users\yefrn\.m2\repository\commons-lang\commons-lang\2.6\commons-lang-2.6.jar;C:\Users\yefrn\.m2\repository\org\apache\httpcomponents\httpcore-nio\4.2.4\httpcore-nio-4.2.4.jar;C:\Users\yefrn\.m2\repository\org\apache\httpcomponents\httpasyncclient\4.0-beta3\httpasyncclient-4.0-beta3.jar;C:\Users\yefrn\.m2\repository\org\apache\mina\mina-core\2.0.7\mina-core-2.0.7.jar;C:\Users\yefrn\.m2\repository\asm\asm\3.3.1\asm-3.3.1.jar;C:\Users\yefrn\.m2\repository\rhino\js\1.7R2\js-1.7R2.jar;C:\Users\yefrn\.m2\repository\javax\ws\rs\javax.ws.rs-api\2.0-m10\javax.ws.rs-api-2.0-m10.jar;C:\Users\yefrn\.m2\repository\net\oauth\core\oauth-provider\20100527\oauth-provider-20100527.jar;C:\Users\yefrn\.m2\repository\net\oauth\core\oauth\20100527\oauth-20100527.jar;C:\Users\yefrn\.m2\repository\net\sf\ehcache\ehcache-core\2.5.1\ehcache-core-2.5.1.jar;C:\Users\yefrn\.m2\repository\org\apache\ws\security\wss4j\1.6.13\wss4j-1.6.13.jar;C:\Users\yefrn\.m2\repository\org\apache\santuario\xmlsec\1.5.6\xmlsec-1.5.6.jar;C:\Users\yefrn\.m2\repository\org\opensaml\opensaml\2.5.1-1\opensaml-2.5.1-1.jar;C:\Users\yefrn\.m2\repository\org\opensaml\openws\1.4.2-1\openws-1.4.2-1.jar;C:\Users\yefrn\.m2\repository\org\opensaml\xmltooling\1.3.2-1\xmltooling-1.3.2-1.jar;C:\Users\yefrn\.m2\repository\joda-time\joda-time\1.6.2\joda-time-1.6.2.jar;C:\Users\yefrn\.m2\repository\org\apache\neethi\neethi\3.0.2\neethi-3.0.2.jar;C:\Users\yefrn\.m2\repository\io\rest-assured\rest-assured\3.0.0\rest-assured-3.0.0.jar;C:\Users\yefrn\.m2\repository\org\codehaus\groovy\groovy\2.4.6\groovy-2.4.6.jar;C:\Users\yefrn\.m2\repository\org\codehaus\groovy\groovy-xml\2.4.6\groovy-xml-2.4.6.jar;C:\Users\yefrn\.m2\repository\org\hamcrest\hamcrest-core\1.3\hamcrest-core-1.3.jar;C:\Users\yefrn\.m2\repository\org\hamcrest\hamcrest-library\1.3\hamcrest-library-1.3.jar;C:\Users\yefrn\.m2\repository\org\ccil\cowan\tagsoup\tagsoup\1.2.1\tagsoup-1.2.1.jar;C:\Users\yefrn\.m2\repository\io\rest-assured\json-path\3.1.1\json-path-3.1.1.jar;C:\Users\yefrn\.m2\repository\org\codehaus\groovy\groovy-json\2.4.12\groovy-json-2.4.12.jar;C:\Users\yefrn\.m2\repository\io\rest-assured\rest-assured-common\3.1.1\rest-assured-common-3.1.1.jar;C:\Users\yefrn\.m2\repository\io\rest-assured\xml-path\3.1.1\xml-path-3.1.1.jar;C:\Users\yefrn\.m2\repository\javax\xml\bind\jaxb-api\2.2.12\jaxb-api-2.2.12.jar;C:\Users\yefrn\.m2\repository\io\rest-assured\json-schema-validator\3.1.1\json-schema-validator-3.1.1.jar;C:\Users\yefrn\.m2\repository\com\github\fge\json-schema-validator\2.2.6\json-schema-validator-2.2.6.jar;C:\Users\yefrn\.m2\repository\com\googlecode\libphonenumber\libphonenumber\6.2\libphonenumber-6.2.jar;C:\Users\yefrn\.m2\repository\com\github\fge\json-schema-core\1.2.5\json-schema-core-1.2.5.jar;C:\Users\yefrn\.m2\repository\com\github\fge\uri-template\0.9\uri-template-0.9.jar;C:\Users\yefrn\.m2\repository\com\github\fge\msg-simple\1.1\msg-simple-1.1.jar;C:\Users\yefrn\.m2\repository\com\github\fge\btf\1.2\btf-1.2.jar;C:\Users\yefrn\.m2\repository\com\github\fge\jackson-coreutils\1.8\jackson-coreutils-1.8.jar;C:\Users\yefrn\.m2\repository\com\fasterxml\jackson\core\jackson-databind\2.2.3\jackson-databind-2.2.3.jar;C:\Users\yefrn\.m2\repository\com\fasterxml\jackson\core\jackson-annotations\2.2.3\jackson-annotations-2.2.3.jar;C:\Users\yefrn\.m2\repository\com\fasterxml\jackson\core\jackson-core\2.2.3\jackson-core-2.2.3.jar;C:\Users\yefrn\.m2\repository\org\mozilla\rhino\1.7R4\rhino-1.7R4.jar;C:\Users\yefrn\.m2\repository\javax\mail\mailapi\1.4.3\mailapi-1.4.3.jar;C:\Users\yefrn\.m2\repository\javax\activation\activation\1.1\activation-1.1.jar;C:\Users\yefrn\.m2\repository\net\sf\jopt-simple\jopt-simple\4.6\jopt-simple-4.6.jar;C:\Users\yefrn\.m2\repository\io\rest-assured\spring-mock-mvc\3.1.1\spring-mock-mvc-3.1.1.jar;C:\Users\yefrn\.m2\repository\org\springframework\spring-test\4.2.6.RELEASE\spring-test-4.2.6.RELEASE.jar;C:\Users\yefrn\.m2\repository\org\springframework\spring-webmvc\4.2.6.RELEASE\spring-webmvc-4.2.6.RELEASE.jar;C:\Users\yefrn\.m2\repository\org\springframework\spring-web\4.2.6.RELEASE\spring-web-4.2.6.RELEASE.jar;C:\Users\yefrn\.m2\repository\io\rest-assured\scala-support\3.1.1\scala-support-3.1.1.jar;C:\Users\yefrn\.m2\repository\org\scala-lang\scala-library\2.11.12\scala-library-2.11.12.jar;C:\Users\yefrn\.m2\repository\org\apache\maven\surefire\surefire-testng-utils\2.22.0\surefire-testng-utils-2.22.0.jar;C:\Users\yefrn\.m2\repository\org\apache\maven\surefire\surefire-grouper\2.22.0\surefire-grouper-2.22.0.jar;"/>
    <property name="sun.cpu.endian" value="little"/>
    <property name="user.home" value="C:\Users\yefrn"/>
    <property name="user.language" value="fr"/>
    <property name="java.specification.vendor" value="Oracle Corporation"/>
    <property name="java.home" value="C:\Program Files (x86)\Java\jdk1.8.0_231\jre"/>
    <property name="basedir" value="C:\Users\yefrn\eclipse-workspace\TestNGcrmpro"/>
    <property name="file.separator" value="\"/>
    <property name="line.separator" value="&#10;"/>
    <property name="java.vm.specification.vendor" value="Oracle Corporation"/>
    <property name="java.specification.name" value="Java Platform API Specification"/>
    <property name="java.awt.graphicsenv" value="sun.awt.Win32GraphicsEnvironment"/>
    <property name="surefire.real.class.path" value="C:\Users\yefrn\AppData\Local\Temp\surefire7037054722214498323\surefirebooter4705008898018298535.jar"/>
    <property name="sun.boot.class.path" value="C:\Program Files (x86)\Java\jdk1.8.0_231\jre\lib\resources.jar;C:\Program Files (x86)\Java\jdk1.8.0_231\jre\lib\rt.jar;C:\Program Files (x86)\Java\jdk1.8.0_231\jre\lib\sunrsasign.jar;C:\Program Files (x86)\Java\jdk1.8.0_231\jre\lib\jsse.jar;C:\Program Files (x86)\Java\jdk1.8.0_231\jre\lib\jce.jar;C:\Program Files (x86)\Java\jdk1.8.0_231\jre\lib\charsets.jar;C:\Program Files (x86)\Java\jdk1.8.0_231\jre\lib\jfr.jar;C:\Program Files (x86)\Java\jdk1.8.0_231\jre\classes"/>
    <property name="user.script" value=""/>
    <property name="sun.management.compiler" value="HotSpot Client Compiler"/>
    <property name="java.runtime.version" value="1.8.0_231-b11"/>
    <property name="user.name" value="yefrn"/>
    <property name="path.separator" value=";"/>
    <property name="os.version" value="10.0"/>
    <property name="java.endorsed.dirs" value="C:\Program Files (x86)\Java\jdk1.8.0_231\jre\lib\endorsed"/>
    <property name="java.runtime.name" value="Java(TM) SE Runtime Environment"/>
    <property name="file.encoding" value="Cp1252"/>
    <property name="java.vm.name" value="Java HotSpot(TM) Client VM"/>
    <property name="localRepository" value="C:\Users\yefrn\.m2\repository"/>
    <property name="java.vendor.url.bug" value="http://bugreport.sun.com/bugreport/"/>
    <property name="java.io.tmpdir" value="C:\Users\yefrn\AppData\Local\Temp\"/>
    <property name="java.version" value="1.8.0_231"/>
    <property name="user.dir" value="C:\Users\yefrn\eclipse-workspace\TestNGcrmpro"/>
    <property name="os.arch" value="x86"/>
    <property name="java.vm.specification.name" value="Java Virtual Machine Specification"/>
    <property name="java.awt.printerjob" value="sun.awt.windows.WPrinterJob"/>
    <property name="sun.os.patch.level" value=""/>
    <property name="java.library.path" value="C:\Program Files (x86)\Java\jdk1.8.0_231\jre\bin;C:\WINDOWS\Sun\Java\bin;C:\WINDOWS\system32;C:\WINDOWS;C:\Program Files (x86)\Common Files\Oracle\Java\javapath;&quot;C:\Program Files (x86)\Common Files\Oracle\Java\javapath;C:\Program Files\Java\jdk1.8.0_171\bin;C:\xampp\htdocs\ajaax\phongab\apache-ant-1.9.9-bin\bin;C:\Users\yefrn\AppData\Local\Android\Sdk;\platform_tools;C:\Users\yefrn\AppData\Local\Android\Sdk;\tools;&quot;;C:\WINDOWS\system32;C:\WINDOWS;C:\WINDOWS\System32\Wbem;C:\WINDOWS\System32\WindowsPowerShell\v1.0\;C:\WINDOWS\System32\OpenSSH\;C:\Program Files\Microsoft SQL Server\120\Tools\Binn\;C:\Program Files\Microsoft SQL Server\130\Tools\Binn\;C:\Program Files (x86)\Microsoft SQL Server\Client SDK\ODBC\130\Tools\Binn\;C:\Program Files (x86)\Microsoft SQL Server\140\Tools\Binn\;C:\Program Files (x86)\Microsoft SQL Server\140\DTS\Binn\;C:\Program Files (x86)\Microsoft SQL Server\140\Tools\Binn\ManagementStudio\;C:\Program Files\MySQL\MySQL Server 5.5\bin;C:\Program Files (x86)\Java\jdk1.8.0_231\bin;C:\Program Files (x86)\apache-maven-3.6.3\bin;C:\Program Files\Java\jdk1.8.0_171\bin;C:\Users\yefrn\Desktop\test\apache-maven-3.6.3-bin\apache-maven-3.6.3\bin;;."/>
    <property name="java.vm.info" value="mixed mode"/>
    <property name="java.vendor" value="Oracle Corporation"/>
    <property name="java.vm.version" value="25.231-b11"/>
    <property name="java.ext.dirs" value="C:\Program Files (x86)\Java\jdk1.8.0_231\jre\lib\ext;C:\WINDOWS\Sun\Java\lib\ext"/>
    <property name="sun.io.unicode.encoding" value="UnicodeLittle"/>
    <property name="java.class.version" value="52.0"/>
  </properties>
  <testcase name="Login" classname="com.crm.test.ContactPageTest" time="18.434">
    <failure message="session not created: This version of ChromeDriver only supports Chrome version 80&#10;Build info: version: &apos;3.13.0&apos;, revision: &apos;2f0d292&apos;, time: &apos;2018-06-25T15:24:21.231Z&apos;&#10;System info: host: &apos;CYRINE&apos;, ip: &apos;192.168.1.7&apos;, os.name: &apos;Windows 10&apos;, os.arch: &apos;x86&apos;, os.version: &apos;10.0&apos;, java.version: &apos;1.8.0_231&apos;&#10;Driver info: driver.version: ChromeDriver&#10;remote stacktrace: Backtrace:&#10;	Ordinal0 [0x00FB0C83+1707139]&#10;	Ordinal0 [0x00F168F1+1075441]&#10;	Ordinal0 [0x00E8DFC9+516041]&#10;	Ordinal0 [0x00E20554+66900]&#10;	Ordinal0 [0x00E1CCE2+52450]&#10;	Ordinal0 [0x00E3BFD7+180183]&#10;	Ordinal0 [0x00E3BDDD+179677]&#10;	Ordinal0 [0x00E39D4B+171339]&#10;	Ordinal0 [0x00E21D4A+73034]&#10;	Ordinal0 [0x00E22DC0+77248]&#10;	Ordinal0 [0x00E22D59+77145]&#10;	Ordinal0 [0x00F2BB67+1162087]&#10;	GetHandleVerifier [0x0104A966+508998]&#10;	GetHandleVerifier [0x0104A6A4+508292]&#10;	GetHandleVerifier [0x0105F7B7+594583]&#10;	GetHandleVerifier [0x0104B1D6+511158]&#10;	Ordinal0 [0x00F2402C+1130540]&#10;	Ordinal0 [0x00F2D4CB+1168587]&#10;	Ordinal0 [0x00F2D633+1168947]&#10;	Ordinal0 [0x00F45B35+1268533]&#10;	BaseThreadInitThunk [0x747C6359+25]&#10;	RtlGetAppContainerNamedObjectPath [0x76FC7C24+228]&#10;	RtlGetAppContainerNamedObjectPath [0x76FC7BF4+180]&#10;" type="org.openqa.selenium.SessionNotCreatedException">org.openqa.selenium.SessionNotCreatedException: 
session not created: This version of ChromeDriver only supports Chrome version 80
Build info: version: '3.13.0', revision: '2f0d292', time: '2018-06-25T15:24:21.231Z'
System info: host: 'CYRINE', ip: '192.168.1.7', os.name: 'Windows 10', os.arch: 'x86', os.version: '10.0', java.version: '1.8.0_231'
Driver info: driver.version: ChromeDriver
remote stacktrace: Backtrace:
	Ordinal0 [0x00FB0C83+1707139]
	Ordinal0 [0x00F168F1+1075441]
	Ordinal0 [0x00E8DFC9+516041]
	Ordinal0 [0x00E20554+66900]
	Ordinal0 [0x00E1CCE2+52450]
	Ordinal0 [0x00E3BFD7+180183]
	Ordinal0 [0x00E3BDDD+179677]
	Ordinal0 [0x00E39D4B+171339]
	Ordinal0 [0x00E21D4A+73034]
	Ordinal0 [0x00E22DC0+77248]
	Ordinal0 [0x00E22D59+77145]
	Ordinal0 [0x00F2BB67+1162087]
	GetHandleVerifier [0x0104A966+508998]
	GetHandleVerifier [0x0104A6A4+508292]
	GetHandleVerifier [0x0105F7B7+594583]
	GetHandleVerifier [0x0104B1D6+511158]
	Ordinal0 [0x00F2402C+1130540]
	Ordinal0 [0x00F2D4CB+1168587]
	Ordinal0 [0x00F2D633+1168947]
	Ordinal0 [0x00F45B35+1268533]
	BaseThreadInitThunk [0x747C6359+25]
	RtlGetAppContainerNamedObjectPath [0x76FC7C24+228]
	RtlGetAppContainerNamedObjectPath [0x76FC7BF4+180]

	at com.crm.test.ContactPageTest.Login(ContactPageTest.java:32)
</failure>
  </testcase>
  <testcase name="Login" classname="com.crm.test.ContactPageTest" time="0">
    <skipped/>
  </testcase>
  <testcase name="Login" classname="com.crm.test.ContactPageTest" time="0">
    <skipped/>
  </testcase>
  <testcase name="addContact" classname="com.crm.test.ContactPageTest" time="0">
    <skipped/>
  </testcase>
  <testcase name="addContact" classname="com.crm.test.ContactPageTest" time="0">
    <skipped/>
  </testcase>
  <testcase name="addContact" classname="com.crm.test.ContactPageTest" time="0">
    <skipped/>
  </testcase>
  <testcase name="down" classname="com.crm.test.ContactPageTest" time="0">
    <skipped/>
  </testcase>
  <testcase name="down" classname="com.crm.test.ContactPageTest" time="0">
    <skipped/>
  </testcase>
  <testcase name="down" classname="com.crm.test.ContactPageTest" time="0">
    <skipped/>
  </testcase>
</testsuite>