<?xml version="1.0" encoding="UTF-8"?>
<!-- Generated by org.testng.reporters.JUnitReportReporter -->
<testsuite hostname="DESKTOP-6C2NN8B" name="com.crm.test.LoginPageTest" tests="4" failures="0" timestamp="14 Jun 2020 15:28:35 GMT" time="48.287" errors="0">
  <testcase name="TestLogo" time="12.251" classname="com.crm.test.LoginPageTest"/>
  <testcase name="titletest" time="10.333" classname="com.crm.test.LoginPageTest"/>
  <testcase name="Login" time="15.618" classname="com.crm.test.LoginPageTest"/>
  <testcase name="checkUrl" time="10.085" classname="com.crm.test.LoginPageTest"/>
</testsuite> <!-- com.crm.test.LoginPageTest -->
